<?xml version="1.0" encoding="UTF-8"?>
<!-- Generated by org.testng.reporters.JUnitReportReporter -->
<testsuite hostname="ITT-ARCHITJ" failures="0" tests="1" name="LearningAutomation.SeleniumFrameworkDesign.Test.StandAlone" time="16.521" errors="0" timestamp="2024-02-05T03:30:23 IST" skipped="0">
  <testcase classname="LearningAutomation.SeleniumFrameworkDesign.Test.StandAlone" name="submitOrder" time="16.521"/>
  <system-out/>
</testsuite> <!-- LearningAutomation.SeleniumFrameworkDesign.Test.StandAlone -->
