<?xml version="1.0" encoding="UTF-8"?>
<!-- Generated by org.testng.reporters.JUnitReportReporter -->
<testsuite hostname="ITT-ARCHITJ" failures="0" tests="3" name="LearningAutomation.SeleniumFrameworkDesign.Test.SubmitOrder" time="39.512" errors="0" timestamp="2024-02-02T23:25:59 IST" skipped="0">
  <testcase classname="LearningAutomation.SeleniumFrameworkDesign.Test.SubmitOrder" name="OrderPageConfirmation" time="7.220"/>
  <system-out/>
  <testcase classname="LearningAutomation.SeleniumFrameworkDesign.Test.SubmitOrder" name="submitOrder" time="15.997"/>
  <system-out/>
  <testcase classname="LearningAutomation.SeleniumFrameworkDesign.Test.SubmitOrder" name="submitOrder" time="16.295"/>
  <system-out/>
</testsuite> <!-- LearningAutomation.SeleniumFrameworkDesign.Test.SubmitOrder -->
