<?xml version="1.0" encoding="UTF-8"?>
<!-- Generated by org.testng.reporters.JUnitReportReporter -->
<testsuite hostname="ITT-ARCHITJ" failures="0" tests="3" name="DynamicJson" time="2.532" errors="0" timestamp="2024-03-27T15:37:57 IST" skipped="0">
  <testcase classname="DynamicJson" name="addBook" time="2.262"/>
  <system-out/>
  <testcase classname="DynamicJson" name="addBook" time="0.142"/>
  <system-out/>
  <testcase classname="DynamicJson" name="addBook" time="0.128"/>
  <system-out/>
</testsuite> <!-- DynamicJson -->
