<?xml version="1.0" encoding="UTF-8"?>
<!-- Generated by org.testng.reporters.JUnitReportReporter -->
<testsuite hostname="ITT-ARCHITJ" failures="0" tests="1" name="LearningAutomation.SeleniumFrameworkDesign.Test.StandAlone" time="72.364" errors="0" timestamp="2024-02-04T02:42:56 IST" skipped="0">
  <testcase classname="LearningAutomation.SeleniumFrameworkDesign.Test.StandAlone" name="submitOrder" time="72.364"/>
</testsuite> <!-- LearningAutomation.SeleniumFrameworkDesign.Test.StandAlone -->
